2020-09-25 21:24:59.813 [main] INFO  com.jingbo.houtai.HoutaiApplication - Starting HoutaiApplication on LIBY61324EZC6JL with PID 16744 (D:\project\taskschdule-gateway\houtai\target\classes started by Administrator in D:\project\taskschdule-gateway\houtai)
2020-09-25 21:24:59.819 [main] INFO  com.jingbo.houtai.HoutaiApplication - No active profile set, falling back to default profiles: default
2020-09-25 21:25:01.737 [main] INFO  org.springframework.data.repository.config.RepositoryConfigurationDelegate - Multiple Spring Data modules found, entering strict repository configuration mode!
2020-09-25 21:25:01.741 [main] INFO  org.springframework.data.repository.config.RepositoryConfigurationDelegate - Bootstrapping Spring Data Redis repositories in DEFAULT mode.
2020-09-25 21:25:01.831 [main] INFO  org.springframework.data.repository.config.RepositoryConfigurationDelegate - Finished Spring Data repository scanning in 61ms. Found 0 Redis repository interfaces.
2020-09-25 21:25:02.210 [main] INFO  org.springframework.context.support.PostProcessorRegistrationDelegate$BeanPostProcessorChecker - Bean 'org.apache.shiro.spring.boot.autoconfigure.ShiroBeanAutoConfiguration' of type [org.apache.shiro.spring.boot.autoconfigure.ShiroBeanAutoConfiguration$$EnhancerBySpringCGLIB$$cea7c591] is not eligible for getting processed by all BeanPostProcessors (for example: not eligible for auto-proxying)
2020-09-25 21:25:02.272 [main] INFO  org.springframework.context.support.PostProcessorRegistrationDelegate$BeanPostProcessorChecker - Bean 'org.apache.shiro.spring.boot.autoconfigure.ShiroAnnotationProcessorAutoConfiguration' of type [org.apache.shiro.spring.boot.autoconfigure.ShiroAnnotationProcessorAutoConfiguration$$EnhancerBySpringCGLIB$$d13b0436] is not eligible for getting processed by all BeanPostProcessors (for example: not eligible for auto-proxying)
2020-09-25 21:25:02.299 [main] INFO  org.springframework.context.support.PostProcessorRegistrationDelegate$BeanPostProcessorChecker - Bean 'redisConfig' of type [com.jingbo.houtai.config.RedisConfig$$EnhancerBySpringCGLIB$$1075a9bb] is not eligible for getting processed by all BeanPostProcessors (for example: not eligible for auto-proxying)
2020-09-25 21:25:02.479 [main] INFO  org.springframework.context.support.PostProcessorRegistrationDelegate$BeanPostProcessorChecker - Bean 'spring.redis-com.jingbo.houtai.shiro.RedisProperties' of type [com.jingbo.houtai.shiro.RedisProperties] is not eligible for getting processed by all BeanPostProcessors (for example: not eligible for auto-proxying)
2020-09-25 21:25:02.485 [main] INFO  org.springframework.context.support.PostProcessorRegistrationDelegate$BeanPostProcessorChecker - Bean 'shiroConfig' of type [com.jingbo.houtai.shiro.ShiroConfig$$EnhancerBySpringCGLIB$$e3499df8] is not eligible for getting processed by all BeanPostProcessors (for example: not eligible for auto-proxying)
2020-09-25 21:25:03.220 [main] INFO  org.springframework.context.support.PostProcessorRegistrationDelegate$BeanPostProcessorChecker - Bean 'mybatisConfig' of type [com.jingbo.houtai.config.MybatisConfig$$EnhancerBySpringCGLIB$$f7c27d13] is not eligible for getting processed by all BeanPostProcessors (for example: not eligible for auto-proxying)
2020-09-25 21:25:03.225 [main] INFO  org.springframework.context.support.PostProcessorRegistrationDelegate$BeanPostProcessorChecker - Bean 'org.springframework.boot.autoconfigure.jdbc.DataSourceConfiguration$Hikari' of type [org.springframework.boot.autoconfigure.jdbc.DataSourceConfiguration$Hikari] is not eligible for getting processed by all BeanPostProcessors (for example: not eligible for auto-proxying)
2020-09-25 21:25:03.240 [main] INFO  org.springframework.context.support.PostProcessorRegistrationDelegate$BeanPostProcessorChecker - Bean 'spring.datasource-org.springframework.boot.autoconfigure.jdbc.DataSourceProperties' of type [org.springframework.boot.autoconfigure.jdbc.DataSourceProperties] is not eligible for getting processed by all BeanPostProcessors (for example: not eligible for auto-proxying)
2020-09-25 21:25:03.284 [main] INFO  org.springframework.context.support.PostProcessorRegistrationDelegate$BeanPostProcessorChecker - Bean 'dataSource' of type [com.zaxxer.hikari.HikariDataSource] is not eligible for getting processed by all BeanPostProcessors (for example: not eligible for auto-proxying)
2020-09-25 21:25:03.308 [main] INFO  org.springframework.context.support.PostProcessorRegistrationDelegate$BeanPostProcessorChecker - Bean 'org.springframework.boot.autoconfigure.jdbc.DataSourceInitializerInvoker' of type [org.springframework.boot.autoconfigure.jdbc.DataSourceInitializerInvoker] is not eligible for getting processed by all BeanPostProcessors (for example: not eligible for auto-proxying)
2020-09-25 21:25:03.736 [main] INFO  org.springframework.context.support.PostProcessorRegistrationDelegate$BeanPostProcessorChecker - Bean 'sqlSessionFactory' of type [org.apache.ibatis.session.defaults.DefaultSqlSessionFactory] is not eligible for getting processed by all BeanPostProcessors (for example: not eligible for auto-proxying)
2020-09-25 21:25:03.759 [main] INFO  org.springframework.context.support.PostProcessorRegistrationDelegate$BeanPostProcessorChecker - Bean 'mybatis-org.mybatis.spring.boot.autoconfigure.MybatisProperties' of type [org.mybatis.spring.boot.autoconfigure.MybatisProperties] is not eligible for getting processed by all BeanPostProcessors (for example: not eligible for auto-proxying)
2020-09-25 21:25:03.765 [main] INFO  org.springframework.context.support.PostProcessorRegistrationDelegate$BeanPostProcessorChecker - Bean 'org.mybatis.spring.boot.autoconfigure.MybatisAutoConfiguration' of type [org.mybatis.spring.boot.autoconfigure.MybatisAutoConfiguration$$EnhancerBySpringCGLIB$$ee633911] is not eligible for getting processed by all BeanPostProcessors (for example: not eligible for auto-proxying)
2020-09-25 21:25:03.775 [main] INFO  org.springframework.context.support.PostProcessorRegistrationDelegate$BeanPostProcessorChecker - Bean 'sqlSessionTemplate' of type [org.mybatis.spring.SqlSessionTemplate] is not eligible for getting processed by all BeanPostProcessors (for example: not eligible for auto-proxying)
2020-09-25 21:25:03.778 [main] INFO  org.springframework.context.support.PostProcessorRegistrationDelegate$BeanPostProcessorChecker - Bean 'sysUserMapper' of type [org.mybatis.spring.mapper.MapperFactoryBean] is not eligible for getting processed by all BeanPostProcessors (for example: not eligible for auto-proxying)
2020-09-25 21:25:03.781 [main] INFO  org.springframework.context.support.PostProcessorRegistrationDelegate$BeanPostProcessorChecker - Bean 'sysUserMapper' of type [com.sun.proxy.$Proxy68] is not eligible for getting processed by all BeanPostProcessors (for example: not eligible for auto-proxying)
2020-09-25 21:25:03.783 [main] INFO  org.springframework.context.support.PostProcessorRegistrationDelegate$BeanPostProcessorChecker - Bean 'sysUserServiceImpl' of type [com.jingbo.houtai.service.impl.SysUserServiceImpl] is not eligible for getting processed by all BeanPostProcessors (for example: not eligible for auto-proxying)
2020-09-25 21:25:03.788 [main] INFO  org.springframework.context.support.PostProcessorRegistrationDelegate$BeanPostProcessorChecker - Bean 'userMapper' of type [org.mybatis.spring.mapper.MapperFactoryBean] is not eligible for getting processed by all BeanPostProcessors (for example: not eligible for auto-proxying)
2020-09-25 21:25:03.789 [main] INFO  org.springframework.context.support.PostProcessorRegistrationDelegate$BeanPostProcessorChecker - Bean 'userMapper' of type [com.sun.proxy.$Proxy69] is not eligible for getting processed by all BeanPostProcessors (for example: not eligible for auto-proxying)
2020-09-25 21:25:03.791 [main] INFO  org.springframework.context.support.PostProcessorRegistrationDelegate$BeanPostProcessorChecker - Bean 'userServiceImpl' of type [com.jingbo.houtai.service.impl.UserServiceImpl] is not eligible for getting processed by all BeanPostProcessors (for example: not eligible for auto-proxying)
2020-09-25 21:25:03.793 [main] INFO  org.springframework.context.support.PostProcessorRegistrationDelegate$BeanPostProcessorChecker - Bean 'userRealm' of type [com.jingbo.houtai.shiro.UserRealm] is not eligible for getting processed by all BeanPostProcessors (for example: not eligible for auto-proxying)
2020-09-25 21:25:03.804 [main] INFO  org.springframework.context.support.PostProcessorRegistrationDelegate$BeanPostProcessorChecker - Bean 'sessionIdCookie' of type [org.apache.shiro.web.servlet.SimpleCookie] is not eligible for getting processed by all BeanPostProcessors (for example: not eligible for auto-proxying)
2020-09-25 21:25:03.810 [main] INFO  org.springframework.context.support.PostProcessorRegistrationDelegate$BeanPostProcessorChecker - Bean 'redisSessionDAO' of type [org.crazycake.shiro.RedisSessionDAO] is not eligible for getting processed by all BeanPostProcessors (for example: not eligible for auto-proxying)
2020-09-25 21:25:03.816 [main] INFO  org.springframework.context.support.PostProcessorRegistrationDelegate$BeanPostProcessorChecker - Bean 'sessionManager' of type [org.apache.shiro.web.session.mgt.DefaultWebSessionManager] is not eligible for getting processed by all BeanPostProcessors (for example: not eligible for auto-proxying)
2020-09-25 21:25:03.821 [main] INFO  org.springframework.context.support.PostProcessorRegistrationDelegate$BeanPostProcessorChecker - Bean 'securityManager' of type [org.apache.shiro.web.mgt.DefaultWebSecurityManager] is not eligible for getting processed by all BeanPostProcessors (for example: not eligible for auto-proxying)
2020-09-25 21:25:03.849 [main] INFO  org.springframework.context.support.PostProcessorRegistrationDelegate$BeanPostProcessorChecker - Bean 'authorizationAttributeSourceAdvisor' of type [org.apache.shiro.spring.security.interceptor.AuthorizationAttributeSourceAdvisor] is not eligible for getting processed by all BeanPostProcessors (for example: not eligible for auto-proxying)
2020-09-25 21:25:03.856 [main] INFO  org.springframework.context.support.PostProcessorRegistrationDelegate$BeanPostProcessorChecker - Bean 'kickoutSessionControlFilter' of type [com.jingbo.houtai.shiro.KickoutSessionControlFilter] is not eligible for getting processed by all BeanPostProcessors (for example: not eligible for auto-proxying)
2020-09-25 21:25:03.870 [main] INFO  org.springframework.context.support.PostProcessorRegistrationDelegate$BeanPostProcessorChecker - Bean 'eventBus' of type [org.apache.shiro.event.support.DefaultEventBus] is not eligible for getting processed by all BeanPostProcessors (for example: not eligible for auto-proxying)
2020-09-25 21:25:04.455 [main] INFO  org.springframework.boot.web.embedded.tomcat.TomcatWebServer - Tomcat initialized with port(s): 8081 (http)
2020-09-25 21:25:04.467 [main] INFO  org.apache.coyote.http11.Http11NioProtocol - Initializing ProtocolHandler ["http-nio-8081"]
2020-09-25 21:25:04.468 [main] INFO  org.apache.catalina.core.StandardService - Starting service [Tomcat]
2020-09-25 21:25:04.469 [main] INFO  org.apache.catalina.core.StandardEngine - Starting Servlet engine: [Apache Tomcat/9.0.36]
2020-09-25 21:25:04.620 [main] INFO  org.apache.catalina.core.ContainerBase.[Tomcat].[localhost].[/] - Initializing Spring embedded WebApplicationContext
2020-09-25 21:25:04.620 [main] INFO  org.springframework.boot.web.servlet.context.ServletWebServerApplicationContext - Root WebApplicationContext: initialization completed in 4673 ms
2020-09-25 21:25:05.565 [main] INFO  org.redisson.Version - Redisson 2.11.5
2020-09-25 21:25:07.561 [redisson-netty-4-2] INFO  org.redisson.connection.pool.MasterPubSubConnectionPool - 1 connections initialized for /127.0.0.1:6379
2020-09-25 21:25:07.561 [redisson-netty-4-3] INFO  org.redisson.connection.pool.MasterConnectionPool - 10 connections initialized for /127.0.0.1:6379
2020-09-25 21:25:08.026 [main] INFO  org.springframework.scheduling.concurrent.ThreadPoolTaskExecutor - Initializing ExecutorService 'applicationTaskExecutor'
2020-09-25 21:25:08.822 [main] INFO  org.apache.coyote.http11.Http11NioProtocol - Starting ProtocolHandler ["http-nio-8081"]
2020-09-25 21:25:08.842 [main] INFO  org.springframework.boot.web.embedded.tomcat.TomcatWebServer - Tomcat started on port(s): 8081 (http) with context path ''
2020-09-25 21:25:08.856 [main] INFO  com.jingbo.houtai.HoutaiApplication - Started HoutaiApplication in 10.233 seconds (JVM running for 13.905)
2020-09-25 21:25:24.110 [http-nio-8081-exec-1] INFO  org.apache.catalina.core.ContainerBase.[Tomcat].[localhost].[/] - Initializing Spring DispatcherServlet 'dispatcherServlet'
2020-09-25 21:25:24.110 [http-nio-8081-exec-1] INFO  org.springframework.web.servlet.DispatcherServlet - Initializing Servlet 'dispatcherServlet'
2020-09-25 21:25:24.132 [http-nio-8081-exec-1] INFO  org.springframework.web.servlet.DispatcherServlet - Completed initialization in 22 ms
2020-09-25 21:25:24.178 [http-nio-8081-exec-1] INFO  org.apache.shiro.session.mgt.AbstractValidatingSessionManager - Enabling session validation scheduler...
2020-09-25 21:25:28.163 [http-nio-8081-exec-4] INFO  com.zaxxer.hikari.HikariDataSource - HikariPool-1 - Starting...
2020-09-25 21:25:28.538 [http-nio-8081-exec-4] INFO  com.zaxxer.hikari.HikariDataSource - HikariPool-1 - Start completed.
2020-09-25 21:25:34.014 [http-nio-8081-exec-4] INFO  com.jingbo.houtai.shiro.UserRealm - ==>accountType:0
2020-09-25 22:02:50.405 [http-nio-8081-exec-5] INFO  com.jingbo.houtai.shiro.UserRealm - ==>accountType:0
2020-09-25 22:25:24.181 [SessionValidationThread-1] INFO  org.apache.shiro.session.mgt.AbstractValidatingSessionManager - Validating all active sessions...
2020-09-25 22:25:24.190 [SessionValidationThread-1] ERROR org.crazycake.shiro.RedisSessionDAO - get active sessions error.
2020-09-25 22:25:24.191 [SessionValidationThread-1] INFO  org.apache.shiro.session.mgt.AbstractValidatingSessionManager - Finished session validation.  No sessions were stopped.
2020-09-25 22:43:38.414 [http-nio-8081-exec-2] INFO  com.jingbo.houtai.shiro.UserRealm - ==>accountType:0
2020-09-25 22:45:49.398 [main] INFO  com.jingbo.houtai.HoutaiApplication - Starting HoutaiApplication on LIBY61324EZC6JL with PID 9872 (D:\project\taskschdule-gateway\houtai\target\classes started by Administrator in D:\project\taskschdule-gateway\houtai)
2020-09-25 22:45:49.405 [main] INFO  com.jingbo.houtai.HoutaiApplication - No active profile set, falling back to default profiles: default
2020-09-25 22:45:51.850 [main] INFO  org.springframework.data.repository.config.RepositoryConfigurationDelegate - Multiple Spring Data modules found, entering strict repository configuration mode!
2020-09-25 22:45:51.853 [main] INFO  org.springframework.data.repository.config.RepositoryConfigurationDelegate - Bootstrapping Spring Data Redis repositories in DEFAULT mode.
2020-09-25 22:45:51.954 [main] INFO  org.springframework.data.repository.config.RepositoryConfigurationDelegate - Finished Spring Data repository scanning in 74ms. Found 0 Redis repository interfaces.
2020-09-25 22:45:52.251 [main] INFO  org.springframework.context.support.PostProcessorRegistrationDelegate$BeanPostProcessorChecker - Bean 'org.apache.shiro.spring.boot.autoconfigure.ShiroBeanAutoConfiguration' of type [org.apache.shiro.spring.boot.autoconfigure.ShiroBeanAutoConfiguration$$EnhancerBySpringCGLIB$$5a338a5b] is not eligible for getting processed by all BeanPostProcessors (for example: not eligible for auto-proxying)
2020-09-25 22:45:52.328 [main] INFO  org.springframework.context.support.PostProcessorRegistrationDelegate$BeanPostProcessorChecker - Bean 'org.apache.shiro.spring.boot.autoconfigure.ShiroAnnotationProcessorAutoConfiguration' of type [org.apache.shiro.spring.boot.autoconfigure.ShiroAnnotationProcessorAutoConfiguration$$EnhancerBySpringCGLIB$$5cc6c900] is not eligible for getting processed by all BeanPostProcessors (for example: not eligible for auto-proxying)
2020-09-25 22:45:52.367 [main] INFO  org.springframework.context.support.PostProcessorRegistrationDelegate$BeanPostProcessorChecker - Bean 'redisConfig' of type [com.jingbo.houtai.config.RedisConfig$$EnhancerBySpringCGLIB$$9c016e85] is not eligible for getting processed by all BeanPostProcessors (for example: not eligible for auto-proxying)
2020-09-25 22:45:52.526 [main] INFO  org.springframework.context.support.PostProcessorRegistrationDelegate$BeanPostProcessorChecker - Bean 'spring.redis-com.jingbo.houtai.shiro.RedisProperties' of type [com.jingbo.houtai.shiro.RedisProperties] is not eligible for getting processed by all BeanPostProcessors (for example: not eligible for auto-proxying)
2020-09-25 22:45:52.531 [main] INFO  org.springframework.context.support.PostProcessorRegistrationDelegate$BeanPostProcessorChecker - Bean 'shiroConfig' of type [com.jingbo.houtai.shiro.ShiroConfig$$EnhancerBySpringCGLIB$$6ed562c2] is not eligible for getting processed by all BeanPostProcessors (for example: not eligible for auto-proxying)
2020-09-25 22:45:53.181 [main] INFO  org.springframework.context.support.PostProcessorRegistrationDelegate$BeanPostProcessorChecker - Bean 'mybatisConfig' of type [com.jingbo.houtai.config.MybatisConfig$$EnhancerBySpringCGLIB$$834e41dd] is not eligible for getting processed by all BeanPostProcessors (for example: not eligible for auto-proxying)
2020-09-25 22:45:53.185 [main] INFO  org.springframework.context.support.PostProcessorRegistrationDelegate$BeanPostProcessorChecker - Bean 'org.springframework.boot.autoconfigure.jdbc.DataSourceConfiguration$Hikari' of type [org.springframework.boot.autoconfigure.jdbc.DataSourceConfiguration$Hikari] is not eligible for getting processed by all BeanPostProcessors (for example: not eligible for auto-proxying)
2020-09-25 22:45:53.196 [main] INFO  org.springframework.context.support.PostProcessorRegistrationDelegate$BeanPostProcessorChecker - Bean 'spring.datasource-org.springframework.boot.autoconfigure.jdbc.DataSourceProperties' of type [org.springframework.boot.autoconfigure.jdbc.DataSourceProperties] is not eligible for getting processed by all BeanPostProcessors (for example: not eligible for auto-proxying)
2020-09-25 22:45:53.229 [main] INFO  org.springframework.context.support.PostProcessorRegistrationDelegate$BeanPostProcessorChecker - Bean 'dataSource' of type [com.zaxxer.hikari.HikariDataSource] is not eligible for getting processed by all BeanPostProcessors (for example: not eligible for auto-proxying)
2020-09-25 22:45:53.249 [main] INFO  org.springframework.context.support.PostProcessorRegistrationDelegate$BeanPostProcessorChecker - Bean 'org.springframework.boot.autoconfigure.jdbc.DataSourceInitializerInvoker' of type [org.springframework.boot.autoconfigure.jdbc.DataSourceInitializerInvoker] is not eligible for getting processed by all BeanPostProcessors (for example: not eligible for auto-proxying)
2020-09-25 22:45:53.669 [main] INFO  org.springframework.context.support.PostProcessorRegistrationDelegate$BeanPostProcessorChecker - Bean 'sqlSessionFactory' of type [org.apache.ibatis.session.defaults.DefaultSqlSessionFactory] is not eligible for getting processed by all BeanPostProcessors (for example: not eligible for auto-proxying)
2020-09-25 22:45:53.691 [main] INFO  org.springframework.context.support.PostProcessorRegistrationDelegate$BeanPostProcessorChecker - Bean 'mybatis-org.mybatis.spring.boot.autoconfigure.MybatisProperties' of type [org.mybatis.spring.boot.autoconfigure.MybatisProperties] is not eligible for getting processed by all BeanPostProcessors (for example: not eligible for auto-proxying)
2020-09-25 22:45:53.699 [main] INFO  org.springframework.context.support.PostProcessorRegistrationDelegate$BeanPostProcessorChecker - Bean 'org.mybatis.spring.boot.autoconfigure.MybatisAutoConfiguration' of type [org.mybatis.spring.boot.autoconfigure.MybatisAutoConfiguration$$EnhancerBySpringCGLIB$$79eefddb] is not eligible for getting processed by all BeanPostProcessors (for example: not eligible for auto-proxying)
2020-09-25 22:45:53.709 [main] INFO  org.springframework.context.support.PostProcessorRegistrationDelegate$BeanPostProcessorChecker - Bean 'sqlSessionTemplate' of type [org.mybatis.spring.SqlSessionTemplate] is not eligible for getting processed by all BeanPostProcessors (for example: not eligible for auto-proxying)
2020-09-25 22:45:53.712 [main] INFO  org.springframework.context.support.PostProcessorRegistrationDelegate$BeanPostProcessorChecker - Bean 'sysUserMapper' of type [org.mybatis.spring.mapper.MapperFactoryBean] is not eligible for getting processed by all BeanPostProcessors (for example: not eligible for auto-proxying)
2020-09-25 22:45:53.716 [main] INFO  org.springframework.context.support.PostProcessorRegistrationDelegate$BeanPostProcessorChecker - Bean 'sysUserMapper' of type [com.sun.proxy.$Proxy68] is not eligible for getting processed by all BeanPostProcessors (for example: not eligible for auto-proxying)
2020-09-25 22:45:53.718 [main] INFO  org.springframework.context.support.PostProcessorRegistrationDelegate$BeanPostProcessorChecker - Bean 'sysUserServiceImpl' of type [com.jingbo.houtai.service.impl.SysUserServiceImpl] is not eligible for getting processed by all BeanPostProcessors (for example: not eligible for auto-proxying)
2020-09-25 22:45:53.723 [main] INFO  org.springframework.context.support.PostProcessorRegistrationDelegate$BeanPostProcessorChecker - Bean 'userMapper' of type [org.mybatis.spring.mapper.MapperFactoryBean] is not eligible for getting processed by all BeanPostProcessors (for example: not eligible for auto-proxying)
2020-09-25 22:45:53.724 [main] INFO  org.springframework.context.support.PostProcessorRegistrationDelegate$BeanPostProcessorChecker - Bean 'userMapper' of type [com.sun.proxy.$Proxy69] is not eligible for getting processed by all BeanPostProcessors (for example: not eligible for auto-proxying)
2020-09-25 22:45:53.726 [main] INFO  org.springframework.context.support.PostProcessorRegistrationDelegate$BeanPostProcessorChecker - Bean 'userServiceImpl' of type [com.jingbo.houtai.service.impl.UserServiceImpl] is not eligible for getting processed by all BeanPostProcessors (for example: not eligible for auto-proxying)
2020-09-25 22:45:53.728 [main] INFO  org.springframework.context.support.PostProcessorRegistrationDelegate$BeanPostProcessorChecker - Bean 'userRealm' of type [com.jingbo.houtai.shiro.UserRealm] is not eligible for getting processed by all BeanPostProcessors (for example: not eligible for auto-proxying)
2020-09-25 22:45:53.739 [main] INFO  org.springframework.context.support.PostProcessorRegistrationDelegate$BeanPostProcessorChecker - Bean 'sessionIdCookie' of type [org.apache.shiro.web.servlet.SimpleCookie] is not eligible for getting processed by all BeanPostProcessors (for example: not eligible for auto-proxying)
2020-09-25 22:45:53.743 [main] INFO  org.springframework.context.support.PostProcessorRegistrationDelegate$BeanPostProcessorChecker - Bean 'redisSessionDAO' of type [org.crazycake.shiro.RedisSessionDAO] is not eligible for getting processed by all BeanPostProcessors (for example: not eligible for auto-proxying)
2020-09-25 22:45:53.761 [main] INFO  org.springframework.context.support.PostProcessorRegistrationDelegate$BeanPostProcessorChecker - Bean 'sessionManager' of type [org.apache.shiro.web.session.mgt.DefaultWebSessionManager] is not eligible for getting processed by all BeanPostProcessors (for example: not eligible for auto-proxying)
2020-09-25 22:45:53.767 [main] INFO  org.springframework.context.support.PostProcessorRegistrationDelegate$BeanPostProcessorChecker - Bean 'securityManager' of type [org.apache.shiro.web.mgt.DefaultWebSecurityManager] is not eligible for getting processed by all BeanPostProcessors (for example: not eligible for auto-proxying)
2020-09-25 22:45:53.780 [main] INFO  org.springframework.context.support.PostProcessorRegistrationDelegate$BeanPostProcessorChecker - Bean 'authorizationAttributeSourceAdvisor' of type [org.apache.shiro.spring.security.interceptor.AuthorizationAttributeSourceAdvisor] is not eligible for getting processed by all BeanPostProcessors (for example: not eligible for auto-proxying)
2020-09-25 22:45:53.787 [main] INFO  org.springframework.context.support.PostProcessorRegistrationDelegate$BeanPostProcessorChecker - Bean 'kickoutSessionControlFilter' of type [com.jingbo.houtai.shiro.KickoutSessionControlFilter] is not eligible for getting processed by all BeanPostProcessors (for example: not eligible for auto-proxying)
2020-09-25 22:45:53.800 [main] INFO  org.springframework.context.support.PostProcessorRegistrationDelegate$BeanPostProcessorChecker - Bean 'eventBus' of type [org.apache.shiro.event.support.DefaultEventBus] is not eligible for getting processed by all BeanPostProcessors (for example: not eligible for auto-proxying)
2020-09-25 22:45:54.173 [main] INFO  org.springframework.boot.web.embedded.tomcat.TomcatWebServer - Tomcat initialized with port(s): 8081 (http)
2020-09-25 22:45:54.184 [main] INFO  org.apache.coyote.http11.Http11NioProtocol - Initializing ProtocolHandler ["http-nio-8081"]
2020-09-25 22:45:54.185 [main] INFO  org.apache.catalina.core.StandardService - Starting service [Tomcat]
2020-09-25 22:45:54.185 [main] INFO  org.apache.catalina.core.StandardEngine - Starting Servlet engine: [Apache Tomcat/9.0.36]
2020-09-25 22:45:54.324 [main] INFO  org.apache.catalina.core.ContainerBase.[Tomcat].[localhost].[/] - Initializing Spring embedded WebApplicationContext
2020-09-25 22:45:54.324 [main] INFO  org.springframework.boot.web.servlet.context.ServletWebServerApplicationContext - Root WebApplicationContext: initialization completed in 4743 ms
2020-09-25 22:45:55.063 [main] INFO  org.redisson.Version - Redisson 2.11.5
2020-09-25 22:45:56.603 [redisson-netty-4-2] INFO  org.redisson.connection.pool.MasterPubSubConnectionPool - 1 connections initialized for /127.0.0.1:6379
2020-09-25 22:45:56.604 [redisson-netty-4-3] INFO  org.redisson.connection.pool.MasterConnectionPool - 10 connections initialized for /127.0.0.1:6379
2020-09-25 22:45:56.902 [main] INFO  org.springframework.scheduling.concurrent.ThreadPoolTaskExecutor - Initializing ExecutorService 'applicationTaskExecutor'
2020-09-25 22:45:57.489 [main] INFO  org.apache.coyote.http11.Http11NioProtocol - Starting ProtocolHandler ["http-nio-8081"]
2020-09-25 22:45:57.508 [main] INFO  org.springframework.boot.web.embedded.tomcat.TomcatWebServer - Tomcat started on port(s): 8081 (http) with context path ''
2020-09-25 22:45:57.521 [main] INFO  com.jingbo.houtai.HoutaiApplication - Started HoutaiApplication in 9.28 seconds (JVM running for 11.654)
2020-09-25 22:46:09.231 [http-nio-8081-exec-1] INFO  org.apache.catalina.core.ContainerBase.[Tomcat].[localhost].[/] - Initializing Spring DispatcherServlet 'dispatcherServlet'
2020-09-25 22:46:09.231 [http-nio-8081-exec-1] INFO  org.springframework.web.servlet.DispatcherServlet - Initializing Servlet 'dispatcherServlet'
2020-09-25 22:46:09.246 [http-nio-8081-exec-1] INFO  org.springframework.web.servlet.DispatcherServlet - Completed initialization in 15 ms
2020-09-25 22:46:09.268 [http-nio-8081-exec-2] INFO  org.apache.shiro.session.mgt.AbstractValidatingSessionManager - Enabling session validation scheduler...
2020-09-25 22:46:09.491 [http-nio-8081-exec-1] INFO  com.zaxxer.hikari.HikariDataSource - HikariPool-1 - Starting...
2020-09-25 22:46:09.703 [http-nio-8081-exec-1] INFO  com.zaxxer.hikari.HikariDataSource - HikariPool-1 - Start completed.
2020-09-25 22:46:43.819 [http-nio-8081-exec-7] INFO  com.jingbo.houtai.shiro.UserRealm - ==>accountType:6
2020-09-25 23:24:38.604 [main] INFO  com.jingbo.houtai.HoutaiApplication - Starting HoutaiApplication on LIBY61324EZC6JL with PID 6360 (D:\project\taskschdule-gateway\houtai\target\classes started by Administrator in D:\project\taskschdule-gateway\houtai)
2020-09-25 23:24:38.614 [main] INFO  com.jingbo.houtai.HoutaiApplication - No active profile set, falling back to default profiles: default
2020-09-25 23:24:40.574 [main] INFO  org.springframework.data.repository.config.RepositoryConfigurationDelegate - Multiple Spring Data modules found, entering strict repository configuration mode!
2020-09-25 23:24:40.578 [main] INFO  org.springframework.data.repository.config.RepositoryConfigurationDelegate - Bootstrapping Spring Data Redis repositories in DEFAULT mode.
2020-09-25 23:24:40.689 [main] INFO  org.springframework.data.repository.config.RepositoryConfigurationDelegate - Finished Spring Data repository scanning in 79ms. Found 0 Redis repository interfaces.
2020-09-25 23:24:41.053 [main] INFO  org.springframework.context.support.PostProcessorRegistrationDelegate$BeanPostProcessorChecker - Bean 'org.apache.shiro.spring.boot.autoconfigure.ShiroBeanAutoConfiguration' of type [org.apache.shiro.spring.boot.autoconfigure.ShiroBeanAutoConfiguration$$EnhancerBySpringCGLIB$$bff9697d] is not eligible for getting processed by all BeanPostProcessors (for example: not eligible for auto-proxying)
2020-09-25 23:24:41.141 [main] INFO  org.springframework.context.support.PostProcessorRegistrationDelegate$BeanPostProcessorChecker - Bean 'org.apache.shiro.spring.boot.autoconfigure.ShiroAnnotationProcessorAutoConfiguration' of type [org.apache.shiro.spring.boot.autoconfigure.ShiroAnnotationProcessorAutoConfiguration$$EnhancerBySpringCGLIB$$c28ca822] is not eligible for getting processed by all BeanPostProcessors (for example: not eligible for auto-proxying)
2020-09-25 23:24:41.179 [main] INFO  org.springframework.context.support.PostProcessorRegistrationDelegate$BeanPostProcessorChecker - Bean 'redisConfig' of type [com.jingbo.houtai.config.RedisConfig$$EnhancerBySpringCGLIB$$1c74da7] is not eligible for getting processed by all BeanPostProcessors (for example: not eligible for auto-proxying)
2020-09-25 23:24:41.296 [main] INFO  org.springframework.context.support.PostProcessorRegistrationDelegate$BeanPostProcessorChecker - Bean 'spring.redis-com.jingbo.houtai.shiro.RedisProperties' of type [com.jingbo.houtai.shiro.RedisProperties] is not eligible for getting processed by all BeanPostProcessors (for example: not eligible for auto-proxying)
2020-09-25 23:24:41.302 [main] INFO  org.springframework.context.support.PostProcessorRegistrationDelegate$BeanPostProcessorChecker - Bean 'shiroConfig' of type [com.jingbo.houtai.shiro.ShiroConfig$$EnhancerBySpringCGLIB$$d49b41e4] is not eligible for getting processed by all BeanPostProcessors (for example: not eligible for auto-proxying)
2020-09-25 23:24:42.034 [main] INFO  org.springframework.context.support.PostProcessorRegistrationDelegate$BeanPostProcessorChecker - Bean 'mybatisConfig' of type [com.jingbo.houtai.config.MybatisConfig$$EnhancerBySpringCGLIB$$e91420ff] is not eligible for getting processed by all BeanPostProcessors (for example: not eligible for auto-proxying)
2020-09-25 23:24:42.039 [main] INFO  org.springframework.context.support.PostProcessorRegistrationDelegate$BeanPostProcessorChecker - Bean 'org.springframework.boot.autoconfigure.jdbc.DataSourceConfiguration$Hikari' of type [org.springframework.boot.autoconfigure.jdbc.DataSourceConfiguration$Hikari] is not eligible for getting processed by all BeanPostProcessors (for example: not eligible for auto-proxying)
2020-09-25 23:24:42.050 [main] INFO  org.springframework.context.support.PostProcessorRegistrationDelegate$BeanPostProcessorChecker - Bean 'spring.datasource-org.springframework.boot.autoconfigure.jdbc.DataSourceProperties' of type [org.springframework.boot.autoconfigure.jdbc.DataSourceProperties] is not eligible for getting processed by all BeanPostProcessors (for example: not eligible for auto-proxying)
2020-09-25 23:24:42.084 [main] INFO  org.springframework.context.support.PostProcessorRegistrationDelegate$BeanPostProcessorChecker - Bean 'dataSource' of type [com.zaxxer.hikari.HikariDataSource] is not eligible for getting processed by all BeanPostProcessors (for example: not eligible for auto-proxying)
2020-09-25 23:24:42.104 [main] INFO  org.springframework.context.support.PostProcessorRegistrationDelegate$BeanPostProcessorChecker - Bean 'org.springframework.boot.autoconfigure.jdbc.DataSourceInitializerInvoker' of type [org.springframework.boot.autoconfigure.jdbc.DataSourceInitializerInvoker] is not eligible for getting processed by all BeanPostProcessors (for example: not eligible for auto-proxying)
2020-09-25 23:24:42.485 [main] INFO  org.springframework.context.support.PostProcessorRegistrationDelegate$BeanPostProcessorChecker - Bean 'sqlSessionFactory' of type [org.apache.ibatis.session.defaults.DefaultSqlSessionFactory] is not eligible for getting processed by all BeanPostProcessors (for example: not eligible for auto-proxying)
2020-09-25 23:24:42.526 [main] INFO  org.springframework.context.support.PostProcessorRegistrationDelegate$BeanPostProcessorChecker - Bean 'mybatis-org.mybatis.spring.boot.autoconfigure.MybatisProperties' of type [org.mybatis.spring.boot.autoconfigure.MybatisProperties] is not eligible for getting processed by all BeanPostProcessors (for example: not eligible for auto-proxying)
2020-09-25 23:24:42.532 [main] INFO  org.springframework.context.support.PostProcessorRegistrationDelegate$BeanPostProcessorChecker - Bean 'org.mybatis.spring.boot.autoconfigure.MybatisAutoConfiguration' of type [org.mybatis.spring.boot.autoconfigure.MybatisAutoConfiguration$$EnhancerBySpringCGLIB$$dfb4dcfd] is not eligible for getting processed by all BeanPostProcessors (for example: not eligible for auto-proxying)
2020-09-25 23:24:42.544 [main] INFO  org.springframework.context.support.PostProcessorRegistrationDelegate$BeanPostProcessorChecker - Bean 'sqlSessionTemplate' of type [org.mybatis.spring.SqlSessionTemplate] is not eligible for getting processed by all BeanPostProcessors (for example: not eligible for auto-proxying)
2020-09-25 23:24:42.549 [main] INFO  org.springframework.context.support.PostProcessorRegistrationDelegate$BeanPostProcessorChecker - Bean 'sysUserMapper' of type [org.mybatis.spring.mapper.MapperFactoryBean] is not eligible for getting processed by all BeanPostProcessors (for example: not eligible for auto-proxying)
2020-09-25 23:24:42.552 [main] INFO  org.springframework.context.support.PostProcessorRegistrationDelegate$BeanPostProcessorChecker - Bean 'sysUserMapper' of type [com.sun.proxy.$Proxy68] is not eligible for getting processed by all BeanPostProcessors (for example: not eligible for auto-proxying)
2020-09-25 23:24:42.554 [main] INFO  org.springframework.context.support.PostProcessorRegistrationDelegate$BeanPostProcessorChecker - Bean 'sysUserServiceImpl' of type [com.jingbo.houtai.service.impl.SysUserServiceImpl] is not eligible for getting processed by all BeanPostProcessors (for example: not eligible for auto-proxying)
2020-09-25 23:24:42.560 [main] INFO  org.springframework.context.support.PostProcessorRegistrationDelegate$BeanPostProcessorChecker - Bean 'userMapper' of type [org.mybatis.spring.mapper.MapperFactoryBean] is not eligible for getting processed by all BeanPostProcessors (for example: not eligible for auto-proxying)
2020-09-25 23:24:42.562 [main] INFO  org.springframework.context.support.PostProcessorRegistrationDelegate$BeanPostProcessorChecker - Bean 'userMapper' of type [com.sun.proxy.$Proxy69] is not eligible for getting processed by all BeanPostProcessors (for example: not eligible for auto-proxying)
2020-09-25 23:24:42.563 [main] INFO  org.springframework.context.support.PostProcessorRegistrationDelegate$BeanPostProcessorChecker - Bean 'userServiceImpl' of type [com.jingbo.houtai.service.impl.UserServiceImpl] is not eligible for getting processed by all BeanPostProcessors (for example: not eligible for auto-proxying)
2020-09-25 23:24:42.564 [main] INFO  org.springframework.context.support.PostProcessorRegistrationDelegate$BeanPostProcessorChecker - Bean 'userRealm' of type [com.jingbo.houtai.shiro.UserRealm] is not eligible for getting processed by all BeanPostProcessors (for example: not eligible for auto-proxying)
2020-09-25 23:24:42.576 [main] INFO  org.springframework.context.support.PostProcessorRegistrationDelegate$BeanPostProcessorChecker - Bean 'sessionIdCookie' of type [org.apache.shiro.web.servlet.SimpleCookie] is not eligible for getting processed by all BeanPostProcessors (for example: not eligible for auto-proxying)
2020-09-25 23:24:42.581 [main] INFO  org.springframework.context.support.PostProcessorRegistrationDelegate$BeanPostProcessorChecker - Bean 'redisSessionDAO' of type [org.crazycake.shiro.RedisSessionDAO] is not eligible for getting processed by all BeanPostProcessors (for example: not eligible for auto-proxying)
2020-09-25 23:24:42.584 [main] INFO  org.springframework.context.support.PostProcessorRegistrationDelegate$BeanPostProcessorChecker - Bean 'sessionManager' of type [org.apache.shiro.web.session.mgt.DefaultWebSessionManager] is not eligible for getting processed by all BeanPostProcessors (for example: not eligible for auto-proxying)
2020-09-25 23:24:42.590 [main] INFO  org.springframework.context.support.PostProcessorRegistrationDelegate$BeanPostProcessorChecker - Bean 'securityManager' of type [org.apache.shiro.web.mgt.DefaultWebSecurityManager] is not eligible for getting processed by all BeanPostProcessors (for example: not eligible for auto-proxying)
2020-09-25 23:24:42.606 [main] INFO  org.springframework.context.support.PostProcessorRegistrationDelegate$BeanPostProcessorChecker - Bean 'authorizationAttributeSourceAdvisor' of type [org.apache.shiro.spring.security.interceptor.AuthorizationAttributeSourceAdvisor] is not eligible for getting processed by all BeanPostProcessors (for example: not eligible for auto-proxying)
2020-09-25 23:24:42.613 [main] INFO  org.springframework.context.support.PostProcessorRegistrationDelegate$BeanPostProcessorChecker - Bean 'kickoutSessionControlFilter' of type [com.jingbo.houtai.shiro.KickoutSessionControlFilter] is not eligible for getting processed by all BeanPostProcessors (for example: not eligible for auto-proxying)
2020-09-25 23:24:42.627 [main] INFO  org.springframework.context.support.PostProcessorRegistrationDelegate$BeanPostProcessorChecker - Bean 'eventBus' of type [org.apache.shiro.event.support.DefaultEventBus] is not eligible for getting processed by all BeanPostProcessors (for example: not eligible for auto-proxying)
2020-09-25 23:24:43.016 [main] INFO  org.springframework.boot.web.embedded.tomcat.TomcatWebServer - Tomcat initialized with port(s): 8081 (http)
2020-09-25 23:24:43.029 [main] INFO  org.apache.coyote.http11.Http11NioProtocol - Initializing ProtocolHandler ["http-nio-8081"]
2020-09-25 23:24:43.029 [main] INFO  org.apache.catalina.core.StandardService - Starting service [Tomcat]
2020-09-25 23:24:43.030 [main] INFO  org.apache.catalina.core.StandardEngine - Starting Servlet engine: [Apache Tomcat/9.0.36]
2020-09-25 23:24:43.195 [main] INFO  org.apache.catalina.core.ContainerBase.[Tomcat].[localhost].[/] - Initializing Spring embedded WebApplicationContext
2020-09-25 23:24:43.196 [main] INFO  org.springframework.boot.web.servlet.context.ServletWebServerApplicationContext - Root WebApplicationContext: initialization completed in 4483 ms
2020-09-25 23:24:43.990 [main] INFO  org.redisson.Version - Redisson 2.11.5
2020-09-25 23:24:45.678 [redisson-netty-4-8] INFO  org.redisson.connection.pool.MasterPubSubConnectionPool - 1 connections initialized for /127.0.0.1:6379
2020-09-25 23:24:45.678 [redisson-netty-4-3] INFO  org.redisson.connection.pool.MasterConnectionPool - 10 connections initialized for /127.0.0.1:6379
2020-09-25 23:24:45.976 [main] INFO  org.springframework.scheduling.concurrent.ThreadPoolTaskExecutor - Initializing ExecutorService 'applicationTaskExecutor'
2020-09-25 23:24:46.508 [main] INFO  org.apache.coyote.http11.Http11NioProtocol - Starting ProtocolHandler ["http-nio-8081"]
2020-09-25 23:24:46.546 [main] INFO  org.springframework.boot.web.embedded.tomcat.TomcatWebServer - Tomcat started on port(s): 8081 (http) with context path ''
2020-09-25 23:24:46.559 [main] INFO  com.jingbo.houtai.HoutaiApplication - Started HoutaiApplication in 8.934 seconds (JVM running for 10.936)
2020-09-25 23:24:58.913 [http-nio-8081-exec-2] INFO  org.apache.catalina.core.ContainerBase.[Tomcat].[localhost].[/] - Initializing Spring DispatcherServlet 'dispatcherServlet'
2020-09-25 23:24:58.914 [http-nio-8081-exec-2] INFO  org.springframework.web.servlet.DispatcherServlet - Initializing Servlet 'dispatcherServlet'
2020-09-25 23:24:58.926 [http-nio-8081-exec-2] INFO  org.springframework.web.servlet.DispatcherServlet - Completed initialization in 12 ms
2020-09-25 23:24:58.945 [http-nio-8081-exec-1] INFO  org.apache.shiro.session.mgt.AbstractValidatingSessionManager - Enabling session validation scheduler...
2020-09-25 23:24:58.999 [http-nio-8081-exec-2] INFO  com.jingbo.houtai.shiro.UserRealm - ==>accountType:6
2020-09-25 23:24:59.177 [http-nio-8081-exec-1] INFO  com.zaxxer.hikari.HikariDataSource - HikariPool-1 - Starting...
2020-09-25 23:24:59.439 [http-nio-8081-exec-1] INFO  com.zaxxer.hikari.HikariDataSource - HikariPool-1 - Start completed.
